<?xml version="1.0" encoding="UTF-8"?>
<!-- Generated by org.testng.reporters.JUnitXMLReporter -->
<testsuite ignored="0" hostname="DESKTOP-OFA47BE" failures="0" tests="4" name="Test" time="0.154" errors="0" timestamp="2021-03-10T10:39:55 IST">
  <testcase classname="TestNG.Test11" name="m1" time="0.011"/>
  <testcase classname="TestNG.Test11" name="m2" time="0.007"/>
  <testcase classname="TestNG.Test12" name="t1" time="0.009"/>
  <testcase classname="TestNG.Test12" name="t2" time="0.006"/>
</testsuite> <!-- Test -->
